#
# A fatal error has been detected by the Java Runtime Environment:
#
#  SIGSEGV (0xb) at pc=0x0000000105dc1eff, pid=9995, tid=0x0000000000005603
#
# JRE version: OpenJDK Runtime Environment (8.0_292-b10) (build 1.8.0_292-b10)
# Java VM: OpenJDK 64-Bit Server VM (25.292-b10 mixed mode bsd-amd64 compressed oops)
# Problematic frame:
# V  [libjvm.dylib+0x30aeff]
#
# Failed to write core dump. Core dumps have been disabled. To enable core dumping, try "ulimit -c unlimited" before starting Java again
#
# If you would like to submit a bug report, please visit:
#   https://github.com/AdoptOpenJDK/openjdk-support/issues
#

---------------  T H R E A D  ---------------

Current thread (0x00007fd52b0b7800):  JavaThread "com.meylism.sparser.benchmark.SparserBenchmark.parseWithSparser-jmh-worker-1" daemon [_thread_in_vm, id=22019, stack(0x0000700004174000,0x0000700004274000)]

siginfo: si_signo: 11 (SIGSEGV), si_code: 1 (SEGV_MAPERR), si_addr: 0x0000000000000000

Registers:
RAX=0x0000000000000000, RBX=0x00007fd52b0b7800, RCX=0x0000600001131050, RDX=0x0000000000000000
RSP=0x0000700004272d70, RBP=0x0000700004272df0, RSI=0x0000000000000000, RDI=0x00007fd52b0b7a50
R8 =0x0000000000000002, R9 =0x0000000000000001, R10=0x000060000137cba0, R11=0x0000000105fa1bbb
R12=0x00007fd52b0b7a50, R13=0x0000700004272e00, R14=0x0000000000000000, R15=0x0000000000000000
RIP=0x0000000105dc1eff, EFLAGS=0x0000000000010246, ERR=0x0000000000000004
  TRAPNO=0x000000000000000e

Top of Stack: (sp=0x0000700004272d70)
0x0000700004272d70:   0000700004272df0 0000000105a43f02
0x0000700004272d80:   00006000011310c0 0000600001130f20
0x0000700004272d90:   000060000137cbc0 00007fd52b0b7800
0x0000700004272da0:   0000000000000000 0000600001131050
0x0000700004272db0:   0000000000000001 00007fd52b0b7800
0x0000700004272dc0:   00007fd52b0b7800 00007fd52b0b7a50
0x0000700004272dd0:   0000700004272f28 0000700004272e00
0x0000700004272de0:   0000000000000001 0000000000000001
0x0000700004272df0:   0000700004272ea0 0000000105a45a94
0x0000700004272e00:   0000600001131190 0000000105a45a1c
0x0000700004272e10:   000060000137cba0 0000600001130f10
0x0000700004272e20:   00006000011310b0 0000600001131050
0x0000700004272e30:   0000000100000004 000000010865bc68
0x0000700004272e40:   00007fd52b0b7800 00007fd52b0b7800
0x0000700004272e50:   00007fd52b0b7800 000000010865bc68
0x0000700004272e60:   0000700004272f38 0000000000000000
0x0000700004272e70:   f04ce91dabd1008a 000000010865bc68
0x0000700004272e80:   0000000000000000 000000010865bc68
0x0000700004272e90:   0000700004272f38 00007fd52b0b7800
0x0000700004272ea0:   0000700004272f08 00000001089cc407
0x0000700004272eb0:   0000700004272f08 00000001089cc167
0x0000700004272ec0:   00000001089cc122 0000700004272ec8
0x0000700004272ed0:   000000010865bc68 0000700004272f38
0x0000700004272ee0:   0000000125ca93d8 0000000000000000
0x0000700004272ef0:   000000010865bc68 0000000000000000
0x0000700004272f00:   0000700004272f28 0000700004272f80
0x0000700004272f10:   00000001089bbb10 0000000000000000
0x0000700004272f20:   00000001089c5a57 00000006400079d0
0x0000700004272f30:   0000000000000000 00000006400079e8
0x0000700004272f40:   0000700004272f40 00000001085a9774
0x0000700004272f50:   0000700004272fa0 00000001085e1230
0x0000700004272f60:   0000000000000000 00000001085a97b8 

Instructions: (pc=0x0000000105dc1eff)
0x0000000105dc1edf:   08 74 09 48 8d 7d a8 e8 f9 ff 1a 00 4c 89 e7 4c
0x0000000105dc1eef:   89 fe 4c 89 f2 90 0f 1f 40 00 41 f6 c7 01 75 05
0x0000000105dc1eff:   4d 8b 3f eb 0b 4c 89 ff e8 f6 48 02 00 49 89 c7
0x0000000105dc1f0f:   48 8d 05 f2 ee 3f 00 48 63 00 48 8d 0d 90 e6 3f 

Register to memory mapping:

RAX=0x0000000000000000 is an unknown value
RBX=0x00007fd52b0b7800 is a thread
RCX=0x0000600001131050 is an unknown value
RDX=0x0000000000000000 is an unknown value
RSP=0x0000700004272d70 is pointing into the stack for thread: 0x00007fd52b0b7800
RBP=0x0000700004272df0 is pointing into the stack for thread: 0x00007fd52b0b7800
RSI=0x0000000000000000 is an unknown value
RDI=0x00007fd52b0b7a50 is an unknown value
R8 =0x0000000000000002 is an unknown value
R9 =0x0000000000000001 is an unknown value
R10=0x000060000137cba0 is an unknown value
R11=0x0000000105fa1bbb: throw_unsatisfied_link_error+0 in /Library/Java/JavaVirtualMachines/adoptopenjdk-8.jdk/Contents/Home/jre/lib/server/libjvm.dylib at 0x0000000105ab7000
R12=0x00007fd52b0b7a50 is an unknown value
R13=0x0000700004272e00 is pointing into the stack for thread: 0x00007fd52b0b7800
R14=0x0000000000000000 is an unknown value
R15=0x0000000000000000 is an unknown value


Stack: [0x0000700004174000,0x0000700004274000],  sp=0x0000700004272d70,  free space=1019k
Native frames: (J=compiled Java code, j=interpreted, Vv=VM code, C=native code)
V  [libjvm.dylib+0x30aeff]
C  [libsparser.dylib+0x3a94]  Java_com_meylism_sparser_Sparser_filter+0xc4
j  com.meylism.sparser.Sparser.filter(Ljava/lang/String;[Ljava/lang/String;)J+0
j  com.meylism.sparser.benchmark.SparserBenchmark.parseWithSparser(Lorg/openjdk/jmh/infra/Blackhole;)V+12
j  com.meylism.sparser.benchmark.jmh_generated.SparserBenchmark_parseWithSparser_jmhTest.parseWithSparser_avgt_jmhStub(Lorg/openjdk/jmh/runner/InfraControl;Lorg/openjdk/jmh/results/RawResults;Lorg/openjdk/jmh/infra/BenchmarkParams;Lorg/openjdk/jmh/infra/IterationParams;Lorg/openjdk/jmh/infra/ThreadParams;Lorg/openjdk/jmh/infra/Blackhole;Lorg/openjdk/jmh/infra/Control;ILcom/meylism/sparser/benchmark/jmh_generated/SparserBenchmark_jmhType;)V+17
j  com.meylism.sparser.benchmark.jmh_generated.SparserBenchmark_parseWithSparser_jmhTest.parseWithSparser_AverageTime(Lorg/openjdk/jmh/runner/InfraControl;Lorg/openjdk/jmh/infra/ThreadParams;)Lorg/openjdk/jmh/results/BenchmarkTaskResult;+141
v  ~StubRoutines::call_stub
V  [libjvm.dylib+0x2c8347]
V  [libjvm.dylib+0x4d426a]
V  [libjvm.dylib+0x4d4e22]
V  [libjvm.dylib+0x342f42]
j  sun.reflect.NativeMethodAccessorImpl.invoke0(Ljava/lang/reflect/Method;Ljava/lang/Object;[Ljava/lang/Object;)Ljava/lang/Object;+0
j  sun.reflect.NativeMethodAccessorImpl.invoke(Ljava/lang/Object;[Ljava/lang/Object;)Ljava/lang/Object;+100
j  sun.reflect.DelegatingMethodAccessorImpl.invoke(Ljava/lang/Object;[Ljava/lang/Object;)Ljava/lang/Object;+6
j  java.lang.reflect.Method.invoke(Ljava/lang/Object;[Ljava/lang/Object;)Ljava/lang/Object;+56
j  org.openjdk.jmh.runner.BenchmarkHandler$BenchmarkTask.call()Lorg/openjdk/jmh/results/BenchmarkTaskResult;+48
j  org.openjdk.jmh.runner.BenchmarkHandler$BenchmarkTask.call()Ljava/lang/Object;+1
j  java.util.concurrent.FutureTask.run()V+42
j  java.util.concurrent.Executors$RunnableAdapter.call()Ljava/lang/Object;+4
j  java.util.concurrent.FutureTask.run()V+42
j  java.util.concurrent.ThreadPoolExecutor.runWorker(Ljava/util/concurrent/ThreadPoolExecutor$Worker;)V+95
j  java.util.concurrent.ThreadPoolExecutor$Worker.run()V+5
j  java.lang.Thread.run()V+11
v  ~StubRoutines::call_stub
V  [libjvm.dylib+0x2c8347]
V  [libjvm.dylib+0x2c7193]
V  [libjvm.dylib+0x2c736f]
V  [libjvm.dylib+0x33e827]
V  [libjvm.dylib+0x55ae52]
V  [libjvm.dylib+0x55ad17]
V  [libjvm.dylib+0x48977f]
C  [libsystem_pthread.dylib+0x64f4]  _pthread_start+0x7d
C  [libsystem_pthread.dylib+0x200f]  thread_start+0xf
C  0x0000000000000000

Java frames: (J=compiled Java code, j=interpreted, Vv=VM code)
j  com.meylism.sparser.Sparser.filter(Ljava/lang/String;[Ljava/lang/String;)J+0
j  com.meylism.sparser.benchmark.SparserBenchmark.parseWithSparser(Lorg/openjdk/jmh/infra/Blackhole;)V+12
j  com.meylism.sparser.benchmark.jmh_generated.SparserBenchmark_parseWithSparser_jmhTest.parseWithSparser_avgt_jmhStub(Lorg/openjdk/jmh/runner/InfraControl;Lorg/openjdk/jmh/results/RawResults;Lorg/openjdk/jmh/infra/BenchmarkParams;Lorg/openjdk/jmh/infra/IterationParams;Lorg/openjdk/jmh/infra/ThreadParams;Lorg/openjdk/jmh/infra/Blackhole;Lorg/openjdk/jmh/infra/Control;ILcom/meylism/sparser/benchmark/jmh_generated/SparserBenchmark_jmhType;)V+17
j  com.meylism.sparser.benchmark.jmh_generated.SparserBenchmark_parseWithSparser_jmhTest.parseWithSparser_AverageTime(Lorg/openjdk/jmh/runner/InfraControl;Lorg/openjdk/jmh/infra/ThreadParams;)Lorg/openjdk/jmh/results/BenchmarkTaskResult;+141
v  ~StubRoutines::call_stub
j  sun.reflect.NativeMethodAccessorImpl.invoke0(Ljava/lang/reflect/Method;Ljava/lang/Object;[Ljava/lang/Object;)Ljava/lang/Object;+0
j  sun.reflect.NativeMethodAccessorImpl.invoke(Ljava/lang/Object;[Ljava/lang/Object;)Ljava/lang/Object;+100
j  sun.reflect.DelegatingMethodAccessorImpl.invoke(Ljava/lang/Object;[Ljava/lang/Object;)Ljava/lang/Object;+6
j  java.lang.reflect.Method.invoke(Ljava/lang/Object;[Ljava/lang/Object;)Ljava/lang/Object;+56
j  org.openjdk.jmh.runner.BenchmarkHandler$BenchmarkTask.call()Lorg/openjdk/jmh/results/BenchmarkTaskResult;+48
j  org.openjdk.jmh.runner.BenchmarkHandler$BenchmarkTask.call()Ljava/lang/Object;+1
j  java.util.concurrent.FutureTask.run()V+42
j  java.util.concurrent.Executors$RunnableAdapter.call()Ljava/lang/Object;+4
j  java.util.concurrent.FutureTask.run()V+42
j  java.util.concurrent.ThreadPoolExecutor.runWorker(Ljava/util/concurrent/ThreadPoolExecutor$Worker;)V+95
j  java.util.concurrent.ThreadPoolExecutor$Worker.run()V+5
j  java.lang.Thread.run()V+11
v  ~StubRoutines::call_stub

---------------  P R O C E S S  ---------------

Java Threads: ( => current thread )
=>0x00007fd52b0b7800 JavaThread "com.meylism.sparser.benchmark.SparserBenchmark.parseWithSparser-jmh-worker-1" daemon [_thread_in_vm, id=22019, stack(0x0000700004174000,0x0000700004274000)]
  0x00007fd52d843000 JavaThread "Service Thread" daemon [_thread_blocked, id=17923, stack(0x0000700003f6e000,0x000070000406e000)]
  0x00007fd52e008800 JavaThread "C1 CompilerThread3" daemon [_thread_blocked, id=18435, stack(0x0000700003e6b000,0x0000700003f6b000)]
  0x00007fd52a037000 JavaThread "C2 CompilerThread2" daemon [_thread_blocked, id=16899, stack(0x0000700003d68000,0x0000700003e68000)]
  0x00007fd52a036000 JavaThread "C2 CompilerThread1" daemon [_thread_blocked, id=18691, stack(0x0000700003c65000,0x0000700003d65000)]
  0x00007fd52a034800 JavaThread "C2 CompilerThread0" daemon [_thread_blocked, id=18947, stack(0x0000700003b62000,0x0000700003c62000)]
  0x00007fd52a01b800 JavaThread "Signal Dispatcher" daemon [_thread_blocked, id=19203, stack(0x0000700003a5f000,0x0000700003b5f000)]
  0x00007fd52d811000 JavaThread "Finalizer" daemon [_thread_blocked, id=14083, stack(0x0000700003856000,0x0000700003956000)]
  0x00007fd52d80e800 JavaThread "Reference Handler" daemon [_thread_blocked, id=20739, stack(0x0000700003753000,0x0000700003853000)]
  0x00007fd52b008800 JavaThread "main" [_thread_blocked, id=5635, stack(0x0000700002d35000,0x0000700002e35000)]

Other Threads:
  0x00007fd52984f000 VMThread [stack: 0x0000700003650000,0x0000700003750000] [id=13315]
  0x00007fd52d844000 WatcherThread [stack: 0x0000700004071000,0x0000700004171000] [id=17411]

VM state:not at safepoint (normal execution)

VM Mutex/Monitor currently owned by a thread: None

heap address: 0x0000000640000000, size: 6144 MB, Compressed Oops mode: Zero based, Oop shift amount: 3
Narrow klass base: 0x0000000000000000, Narrow klass shift: 3
Compressed class space size: 1073741824 Address: 0x00000007c0000000

Heap:
 PSYoungGen      total 272896K, used 252027K [0x0000000740000000, 0x000000076ed80000, 0x00000007c0000000)
  eden space 262144K, 96% used [0x0000000740000000,0x000000074f61efb0,0x0000000750000000)
  from space 10752K, 0% used [0x0000000750000000,0x0000000750000000,0x0000000750a80000)
  to   space 216576K, 0% used [0x0000000761a00000,0x0000000761a00000,0x000000076ed80000)
 ParOldGen       total 2514944K, used 2063863K [0x0000000640000000, 0x00000006d9800000, 0x0000000740000000)
  object space 2514944K, 82% used [0x0000000640000000,0x00000006bdf7de38,0x00000006d9800000)
 Metaspace       used 10083K, capacity 10326K, committed 10496K, reserved 1058816K
  class space    used 1097K, capacity 1177K, committed 1280K, reserved 1048576K

Card table byte_map: [0x00000001068e2000,0x00000001074e3000] byte_map_base: 0x00000001036e2000

Marking Bits: (ParMarkBitMap*) 0x00000001061c7e68
 Begin Bits: [0x00000001179b4000, 0x000000011d9b4000)
 End Bits:   [0x000000011d9b4000, 0x00000001239b4000)

Polling page: 0x0000000104cc6000

CodeCache: size=245760Kb used=2718Kb max_used=2733Kb free=243041Kb
 bounds [0x00000001089b4000, 0x0000000108c64000, 0x00000001179b4000]
 total_blobs=963 nmethods=638 adapters=239
 compilation: enabled

Compilation events (10 events):
Event: 1.178 Thread 0x00007fd52e008800  632   !   3       sun.nio.cs.StreamDecoder::read (196 bytes)
Event: 1.178 Thread 0x00007fd52e008800 nmethod 632 0x0000000108c42f10 code [0x0000000108c43140, 0x0000000108c43e28]
Event: 1.504 Thread 0x00007fd52a036000  635       4       java.io.BufferedReader::fill (170 bytes)
Event: 1.512 Thread 0x00007fd52a034800  636       4       java.io.InputStreamReader::read (11 bytes)
Event: 1.512 Thread 0x00007fd52a037000  637   !   4       sun.nio.cs.StreamDecoder::read (196 bytes)
Event: 1.528 Thread 0x00007fd52a036000 nmethod 635 0x0000000108c53b50 code [0x0000000108c53de0, 0x0000000108c55348]
Event: 1.528 Thread 0x00007fd52a036000  638       4       sun.nio.cs.StreamDecoder::implRead (243 bytes)
Event: 1.531 Thread 0x00007fd52a037000 nmethod 637 0x0000000108c5ad90 code [0x0000000108c5b040, 0x0000000108c5c748]
Event: 1.535 Thread 0x00007fd52a034800 nmethod 636 0x0000000108c5ecd0 code [0x0000000108c5ef80, 0x0000000108c60528]
Event: 1.542 Thread 0x00007fd52a036000 nmethod 638 0x0000000108c58190 code [0x0000000108c58420, 0x0000000108c593c8]

GC Heap History (10 events):
Event: 0.608 GC heap before
{Heap before GC invocations=4 (full 1):
 PSYoungGen      total 141824K, used 10741K [0x0000000740000000, 0x0000000751500000, 0x00000007c0000000)
  eden space 131072K, 0% used [0x0000000740000000,0x0000000740000000,0x0000000748000000)
  from space 10752K, 99% used [0x0000000748000000,0x0000000748a7d7e0,0x0000000748a80000)
  to   space 10752K, 0% used [0x0000000750a80000,0x0000000750a80000,0x0000000751500000)
 ParOldGen       total 315392K, used 257747K [0x0000000640000000, 0x0000000653400000, 0x0000000740000000)
  object space 315392K, 81% used [0x0000000640000000,0x000000064fbb4ef8,0x0000000653400000)
 Metaspace       used 10078K, capacity 10326K, committed 10496K, reserved 1058816K
  class space    used 1096K, capacity 1177K, committed 1280K, reserved 1048576K
Event: 0.646 GC heap after
Heap after GC invocations=4 (full 1):
 PSYoungGen      total 141824K, used 0K [0x0000000740000000, 0x0000000751500000, 0x00000007c0000000)
  eden space 131072K, 0% used [0x0000000740000000,0x0000000740000000,0x0000000748000000)
  from space 10752K, 0% used [0x0000000748000000,0x0000000748000000,0x0000000748a80000)
  to   space 10752K, 0% used [0x0000000750a80000,0x0000000750a80000,0x0000000751500000)
 ParOldGen       total 380416K, used 214942K [0x0000000640000000, 0x0000000657380000, 0x0000000740000000)
  object space 380416K, 56% used [0x0000000640000000,0x000000064d1e7988,0x0000000657380000)
 Metaspace       used 10078K, capacity 10326K, committed 10496K, reserved 1058816K
  class space    used 1096K, capacity 1177K, committed 1280K, reserved 1048576K
}
Event: 0.923 GC heap before
{Heap before GC invocations=5 (full 1):
 PSYoungGen      total 141824K, used 131072K [0x0000000740000000, 0x0000000751500000, 0x00000007c0000000)
  eden space 131072K, 100% used [0x0000000740000000,0x0000000748000000,0x0000000748000000)
  from space 10752K, 0% used [0x0000000748000000,0x0000000748000000,0x0000000748a80000)
  to   space 10752K, 0% used [0x0000000750a80000,0x0000000750a80000,0x0000000751500000)
 ParOldGen       total 660992K, used 495006K [0x0000000640000000, 0x0000000668580000, 0x0000000740000000)
  object space 660992K, 74% used [0x0000000640000000,0x000000065e367998,0x0000000668580000)
 Metaspace       used 10081K, capacity 10326K, committed 10496K, reserved 1058816K
  class space    used 1096K, capacity 1177K, committed 1280K, reserved 1048576K
Event: 0.948 GC heap after
Heap after GC invocations=5 (full 1):
 PSYoungGen      total 236544K, used 10737K [0x0000000740000000, 0x0000000751500000, 0x00000007c0000000)
  eden space 225792K, 0% used [0x0000000740000000,0x0000000740000000,0x000000074dc80000)
  from space 10752K, 99% used [0x0000000750a80000,0x00000007514fc518,0x0000000751500000)
  to   space 10752K, 0% used [0x0000000750000000,0x0000000750000000,0x0000000750a80000)
 ParOldGen       total 660992K, used 606310K [0x0000000640000000, 0x0000000668580000, 0x0000000740000000)
  object space 660992K, 91% used [0x0000000640000000,0x0000000665019998,0x0000000668580000)
 Metaspace       used 10081K, capacity 10326K, committed 10496K, reserved 1058816K
  class space    used 1096K, capacity 1177K, committed 1280K, reserved 1048576K
}
Event: 0.948 GC heap before
{Heap before GC invocations=6 (full 2):
 PSYoungGen      total 236544K, used 10737K [0x0000000740000000, 0x0000000751500000, 0x00000007c0000000)
  eden space 225792K, 0% used [0x0000000740000000,0x0000000740000000,0x000000074dc80000)
  from space 10752K, 99% used [0x0000000750a80000,0x00000007514fc518,0x0000000751500000)
  to   space 10752K, 0% used [0x0000000750000000,0x0000000750000000,0x0000000750a80000)
 ParOldGen       total 660992K, used 606310K [0x0000000640000000, 0x0000000668580000, 0x0000000740000000)
  object space 660992K, 91% used [0x0000000640000000,0x0000000665019998,0x0000000668580000)
 Metaspace       used 10081K, capacity 10326K, committed 10496K, reserved 1058816K
  class space    used 1096K, capacity 1177K, committed 1280K, reserved 1048576K
Event: 1.036 GC heap after
Heap after GC invocations=6 (full 2):
 PSYoungGen      total 236544K, used 0K [0x0000000740000000, 0x0000000751500000, 0x00000007c0000000)
  eden space 225792K, 0% used [0x0000000740000000,0x0000000740000000,0x000000074dc80000)
  from space 10752K, 0% used [0x0000000750a80000,0x0000000750a80000,0x0000000751500000)
  to   space 10752K, 0% used [0x0000000750000000,0x0000000750000000,0x0000000750a80000)
 ParOldGen       total 749568K, used 466957K [0x0000000640000000, 0x000000066dc00000, 0x0000000740000000)
  object space 749568K, 62% used [0x0000000640000000,0x000000065c803608,0x000000066dc00000)
 Metaspace       used 10081K, capacity 10326K, committed 10496K, reserved 1058816K
  class space    used 1096K, capacity 1177K, committed 1280K, reserved 1048576K
}
Event: 1.543 GC heap before
{Heap before GC invocations=7 (full 2):
 PSYoungGen      total 236544K, used 225792K [0x0000000740000000, 0x0000000751500000, 0x00000007c0000000)
  eden space 225792K, 100% used [0x0000000740000000,0x000000074dc80000,0x000000074dc80000)
  from space 10752K, 0% used [0x0000000750a80000,0x0000000750a80000,0x0000000751500000)
  to   space 10752K, 0% used [0x0000000750000000,0x0000000750000000,0x0000000750a80000)
 ParOldGen       total 1310208K, used 1027085K [0x0000000640000000, 0x000000068ff80000, 0x0000000740000000)
  object space 1310208K, 78% used [0x0000000640000000,0x000000067eb03618,0x000000068ff80000)
 Metaspace       used 10081K, capacity 10326K, committed 10496K, reserved 1058816K
  class space    used 1096K, capacity 1177K, committed 1280K, reserved 1048576K
Event: 1.588 GC heap after
Heap after GC invocations=7 (full 2):
 PSYoungGen      total 272896K, used 10750K [0x0000000740000000, 0x000000076ed80000, 0x00000007c0000000)
  eden space 262144K, 0% used [0x0000000740000000,0x0000000740000000,0x0000000750000000)
  from space 10752K, 99% used [0x0000000750000000,0x0000000750a7fb58,0x0000000750a80000)
  to   space 216576K, 0% used [0x0000000761a00000,0x0000000761a00000,0x000000076ed80000)
 ParOldGen       total 1310208K, used 1231125K [0x0000000640000000, 0x000000068ff80000, 0x0000000740000000)
  object space 1310208K, 93% used [0x0000000640000000,0x000000068b245618,0x000000068ff80000)
 Metaspace       used 10081K, capacity 10326K, committed 10496K, reserved 1058816K
  class space    used 1096K, capacity 1177K, committed 1280K, reserved 1048576K
}
Event: 1.588 GC heap before
{Heap before GC invocations=8 (full 3):
 PSYoungGen      total 272896K, used 10750K [0x0000000740000000, 0x000000076ed80000, 0x00000007c0000000)
  eden space 262144K, 0% used [0x0000000740000000,0x0000000740000000,0x0000000750000000)
  from space 10752K, 99% used [0x0000000750000000,0x0000000750a7fb58,0x0000000750a80000)
  to   space 216576K, 0% used [0x0000000761a00000,0x0000000761a00000,0x000000076ed80000)
 ParOldGen       total 1310208K, used 1231125K [0x0000000640000000, 0x000000068ff80000, 0x0000000740000000)
  object space 1310208K, 93% used [0x0000000640000000,0x000000068b245618,0x000000068ff80000)
 Metaspace       used 10081K, capacity 10326K, committed 10496K, reserved 1058816K
  class space    used 1096K, capacity 1177K, committed 1280K, reserved 1048576K
Event: 1.754 GC heap after
Heap after GC invocations=8 (full 3):
 PSYoungGen      total 272896K, used 0K [0x0000000740000000, 0x000000076ed80000, 0x00000007c0000000)
  eden space 262144K, 0% used [0x0000000740000000,0x0000000740000000,0x0000000750000000)
  from space 10752K, 0% used [0x0000000750000000,0x0000000750000000,0x0000000750a80000)
  to   space 216576K, 0% used [0x0000000761a00000,0x0000000761a00000,0x000000076ed80000)
 ParOldGen       total 1394176K, used 943607K [0x0000000640000000, 0x0000000695180000, 0x0000000740000000)
  object space 1394176K, 67% used [0x0000000640000000,0x000000067997de28,0x0000000695180000)
 Metaspace       used 10081K, capacity 10326K, committed 10496K, reserved 1058816K
  class space    used 1096K, capacity 1177K, committed 1280K, reserved 1048576K
}

Deoptimization events (10 events):
Event: 0.196 Thread 0x00007fd52b008800 Uncommon trap: reason=unstable_if action=reinterpret pc=0x0000000108b5ea18 method=java.lang.String.replace(CC)Ljava/lang/String; @ 2
Event: 0.325 Thread 0x00007fd52b0b7800 Uncommon trap: reason=unstable_if action=reinterpret pc=0x0000000108ba7680 method=java.lang.String.indexOf([CII[CIII)I @ 134
Event: 1.174 Thread 0x00007fd52b0b7800 Uncommon trap: reason=unstable_if action=reinterpret pc=0x0000000108c45448 method=java.nio.Buffer.hasRemaining()Z @ 8
Event: 1.174 Thread 0x00007fd52b0b7800 Uncommon trap: reason=unstable_if action=reinterpret pc=0x0000000108c498dc method=sun.nio.cs.StreamDecoder.implRead([CII)I @ 98
Event: 1.174 Thread 0x00007fd52b0b7800 Uncommon trap: reason=unstable_if action=reinterpret pc=0x0000000108c4dd54 method=sun.nio.cs.StreamDecoder.implRead([CII)I @ 98
Event: 2.451 Thread 0x00007fd52b0b7800 Uncommon trap: reason=unstable_if action=reinterpret pc=0x0000000108c54dd4 method=sun.nio.cs.StreamDecoder.inReady()Z @ 14
Event: 2.451 Thread 0x00007fd52b0b7800 Uncommon trap: reason=unstable_if action=reinterpret pc=0x0000000108c36fa0 method=java.util.zip.InflaterInputStream.read([BII)I @ 69
Event: 2.451 Thread 0x00007fd52b0b7800 Uncommon trap: reason=unstable_if action=reinterpret pc=0x0000000108c5fd40 method=sun.nio.cs.StreamDecoder.readBytes()I @ 142
Event: 2.451 Thread 0x00007fd52b0b7800 Uncommon trap: reason=unstable_if action=reinterpret pc=0x0000000108c268ec method=java.io.BufferedReader.readLine(Z)Ljava/lang/String; @ 55
Event: 2.451 Thread 0x00007fd52b0b7800 Uncommon trap: reason=unstable_if action=reinterpret pc=0x0000000108c412fc method=com.meylism.sparser.benchmark.Utils.readFromInputStream(Ljava/io/InputStream;Ljava/lang/StringBuilder;Ljava/util/ArrayList;)V @ 26

Classes redefined (0 events):
No events

Internal exceptions (10 events):
Event: 0.049 Thread 0x00007fd52b008800 Exception <a 'java/security/PrivilegedActionException'> (0x000000074005fc60) thrown at [/Users/jenkins/workspace/build-scripts/jobs/jdk8u/jdk8u-mac-x64-hotspot/workspace/build/src/hotspot/src/share/vm/prims/jvm.cpp, line 1523]
Event: 0.102 Thread 0x00007fd52b008800 Exception <a 'java/lang/NoSuchFieldError': method resolution failed> (0x00000007402f7510) thrown at [/Users/jenkins/workspace/build-scripts/jobs/jdk8u/jdk8u-mac-x64-hotspot/workspace/build/src/hotspot/src/share/vm/prims/methodHandles.cpp, line 1169]
Event: 0.104 Thread 0x00007fd52b008800 Exception <a 'java/lang/NoSuchFieldError': method resolution failed> (0x0000000740304940) thrown at [/Users/jenkins/workspace/build-scripts/jobs/jdk8u/jdk8u-mac-x64-hotspot/workspace/build/src/hotspot/src/share/vm/prims/methodHandles.cpp, line 1169]
Event: 0.192 Thread 0x00007fd52b008800 Exception <a 'java/lang/NoSuchMethodError': <clinit>> (0x00000007407763f8) thrown at [/Users/jenkins/workspace/build-scripts/jobs/jdk8u/jdk8u-mac-x64-hotspot/workspace/build/src/hotspot/src/share/vm/prims/jni.cpp, line 1616]
Event: 0.200 Thread 0x00007fd52b008800 Exception <a 'java/lang/NoSuchMethodError': <clinit>> (0x00000007407adc50) thrown at [/Users/jenkins/workspace/build-scripts/jobs/jdk8u/jdk8u-mac-x64-hotspot/workspace/build/src/hotspot/src/share/vm/prims/jni.cpp, line 1616]
Event: 0.251 Thread 0x00007fd52b0b7800 Exception <a 'java/security/PrivilegedActionException'> (0x0000000740d79320) thrown at [/Users/jenkins/workspace/build-scripts/jobs/jdk8u/jdk8u-mac-x64-hotspot/workspace/build/src/hotspot/src/share/vm/prims/jvm.cpp, line 1523]
Event: 0.251 Thread 0x00007fd52b0b7800 Exception <a 'java/security/PrivilegedActionException'> (0x0000000740d79718) thrown at [/Users/jenkins/workspace/build-scripts/jobs/jdk8u/jdk8u-mac-x64-hotspot/workspace/build/src/hotspot/src/share/vm/prims/jvm.cpp, line 1523]
Event: 0.252 Thread 0x00007fd52b0b7800 Exception <a 'java/security/PrivilegedActionException'> (0x0000000740d7cef0) thrown at [/Users/jenkins/workspace/build-scripts/jobs/jdk8u/jdk8u-mac-x64-hotspot/workspace/build/src/hotspot/src/share/vm/prims/jvm.cpp, line 1523]
Event: 0.252 Thread 0x00007fd52b0b7800 Exception <a 'java/security/PrivilegedActionException'> (0x0000000740d7d2e8) thrown at [/Users/jenkins/workspace/build-scripts/jobs/jdk8u/jdk8u-mac-x64-hotspot/workspace/build/src/hotspot/src/share/vm/prims/jvm.cpp, line 1523]
Event: 2.451 Thread 0x00007fd52b0b7800 Implicit null exception at 0x0000000108c40a84 to 0x0000000108c412d5

Events (10 events):
Event: 2.451 Thread 0x00007fd52b0b7800 DEOPT PACKING pc=0x0000000108c5fd40 sp=0x0000700004272ca0
Event: 2.451 Thread 0x00007fd52b0b7800 DEOPT UNPACKING pc=0x00000001089f947a sp=0x0000700004272b08 mode 2
Event: 2.451 Thread 0x00007fd52b0b7800 Uncommon trap: trap_request=0xffffff65 fr.pc=0x0000000108c268ec
Event: 2.451 Thread 0x00007fd52b0b7800 DEOPT PACKING pc=0x0000000108c268ec sp=0x0000700004272de0
Event: 2.451 Thread 0x00007fd52b0b7800 DEOPT UNPACKING pc=0x00000001089f947a sp=0x0000700004272d78 mode 2
Event: 2.451 Thread 0x00007fd52b0b7800 Uncommon trap: trap_request=0xffffff65 fr.pc=0x0000000108c412fc
Event: 2.451 Thread 0x00007fd52b0b7800 DEOPT PACKING pc=0x0000000108c412fc sp=0x0000700004272e50
Event: 2.451 Thread 0x00007fd52b0b7800 DEOPT UNPACKING pc=0x00000001089f947a sp=0x0000700004272e50 mode 2
Event: 2.451 loading class org/openjdk/jmh/runner/BenchmarkHandler$1
Event: 2.451 loading class org/openjdk/jmh/runner/BenchmarkHandler$1 done


Dynamic libraries:
0x00007ff81fc74000 	/System/Library/Frameworks/Cocoa.framework/Versions/A/Cocoa
0x00007ff80baf9000 	/System/Library/Frameworks/AppKit.framework/Versions/C/AppKit
0x00007ff80efef000 	/System/Library/Frameworks/CoreData.framework/Versions/A/CoreData
0x00007ff809f10000 	/System/Library/Frameworks/Foundation.framework/Versions/C/Foundation
0x00007ff813daf000 	/usr/lib/libSystem.B.dylib
0x00007ff80c988000 	/System/Library/PrivateFrameworks/UIFoundation.framework/Versions/A/UIFoundation
0x00007ff819c25000 	/System/Library/PrivateFrameworks/RemoteViewServices.framework/Versions/A/RemoteViewServices
0x00007ff812015000 	/System/Library/PrivateFrameworks/XCTTargetBootstrap.framework/Versions/A/XCTTargetBootstrap
0x00007ff815bbf000 	/System/Library/PrivateFrameworks/InternationalSupport.framework/Versions/A/InternationalSupport
0x00007ff815c49000 	/System/Library/PrivateFrameworks/UserActivity.framework/Versions/A/UserActivity
0x00007ff814f9f000 	/usr/lib/libspindump.dylib
0x00007ff80cc16000 	/System/Library/Frameworks/UniformTypeIdentifiers.framework/Versions/A/UniformTypeIdentifiers
0x00007ff810752000 	/usr/lib/libapp_launch_measurement.dylib
0x00007ff80f9bb000 	/System/Library/PrivateFrameworks/CoreAnalytics.framework/Versions/A/CoreAnalytics
0x00007ff810755000 	/System/Library/PrivateFrameworks/CoreAutoLayout.framework/Versions/A/CoreAutoLayout
0x00007ff811975000 	/System/Library/Frameworks/Metal.framework/Versions/A/Metal
0x00007ff81268b000 	/usr/lib/liblangid.dylib
0x00007ff812019000 	/System/Library/PrivateFrameworks/CoreSVG.framework/Versions/A/CoreSVG
0x00007ff80dfdd000 	/System/Library/PrivateFrameworks/SkyLight.framework/Versions/A/SkyLight
0x00007ff80e370000 	/System/Library/Frameworks/CoreGraphics.framework/Versions/A/CoreGraphics
0x00007ff81a294000 	/System/Library/Frameworks/Accelerate.framework/Versions/A/Accelerate
0x00007ff814a1a000 	/System/Library/PrivateFrameworks/IconServices.framework/Versions/A/IconServices
0x00007ff81195a000 	/System/Library/Frameworks/IOSurface.framework/Versions/A/IOSurface
0x00007ff80f9e9000 	/usr/lib/libDiagnosticMessagesClient.dylib
0x00007ff813ccf000 	/usr/lib/libz.1.dylib
0x00007ff81d903000 	/System/Library/Frameworks/ApplicationServices.framework/Versions/A/ApplicationServices
0x00007ff812001000 	/System/Library/PrivateFrameworks/DFRFoundation.framework/Versions/A/DFRFoundation
0x00007ff80b3ea000 	/usr/lib/libicucore.A.dylib
0x00007ff8168e4000 	/System/Library/Frameworks/AudioToolbox.framework/Versions/A/AudioToolbox
0x00007ff815bcb000 	/System/Library/PrivateFrameworks/DataDetectorsCore.framework/Versions/A/DataDetectorsCore
0x00007ff91152a000 	/System/Library/PrivateFrameworks/TextInput.framework/Versions/A/TextInput
0x00007ff80df61000 	/usr/lib/libMobileGestalt.dylib
0x00007ff811d09000 	/System/Library/Frameworks/Carbon.framework/Versions/A/Frameworks/HIToolbox.framework/Versions/A/HIToolbox
0x00007ff81017f000 	/System/Library/Frameworks/QuartzCore.framework/Versions/A/QuartzCore
0x00007ff80b08a000 	/System/Library/Frameworks/Security.framework/Versions/A/Security
0x00007ff819c5d000 	/System/Library/Frameworks/Carbon.framework/Versions/A/Frameworks/SpeechRecognition.framework/Versions/A/SpeechRecognition
0x00007ff8104b2000 	/System/Library/PrivateFrameworks/CoreUI.framework/Versions/A/CoreUI
0x00007ff80a962000 	/System/Library/Frameworks/CoreAudio.framework/Versions/A/CoreAudio
0x00007ff80fad7000 	/System/Library/Frameworks/DiskArbitration.framework/Versions/A/DiskArbitration
0x00007ff815386000 	/System/Library/PrivateFrameworks/MultitouchSupport.framework/Versions/A/MultitouchSupport
0x00007ff80df60000 	/usr/lib/libenergytrace.dylib
0x00007ff80b9e5000 	/System/Library/Frameworks/IOKit.framework/Versions/A/IOKit
0x00007ff81a049000 	/System/Library/Frameworks/CoreServices.framework/Versions/A/CoreServices
0x00007ff8106ec000 	/System/Library/PrivateFrameworks/PerformanceAnalysis.framework/Versions/A/PerformanceAnalysis
0x00007ffa20cf5000 	/System/Library/Frameworks/OpenGL.framework/Versions/A/OpenGL
0x00007ff813300000 	/System/Library/PrivateFrameworks/MobileKeyBag.framework/Versions/A/MobileKeyBag
0x00007ff808ed1000 	/usr/lib/libobjc.A.dylib
0x00007ff80ea3c000 	/System/Library/Frameworks/ColorSync.framework/Versions/A/ColorSync
0x00007ff80908a000 	/System/Library/Frameworks/CoreFoundation.framework/Versions/A/CoreFoundation
0x00007ff812292000 	/System/Library/Frameworks/CoreImage.framework/Versions/A/CoreImage
0x00007ff80a778000 	/System/Library/Frameworks/CoreText.framework/Versions/A/CoreText
0x00007ff812048000 	/System/Library/Frameworks/ImageIO.framework/Versions/A/ImageIO
0x00007ff813db5000 	/System/Library/PrivateFrameworks/SoftLinking.framework/Versions/A/SoftLinking
0x00007ff81079d000 	/usr/lib/libxml2.2.dylib
0x00007ff808f97000 	/usr/lib/libc++.1.dylib
0x00007ff814039000 	/usr/lib/libcompression.dylib
0x00007ff815af5000 	/System/Library/PrivateFrameworks/TextureIO.framework/Versions/A/TextureIO
0x00007ff81472c000 	/usr/lib/libate.dylib
0x00007ff813daa000 	/usr/lib/system/libcache.dylib
0x00007ff813d66000 	/usr/lib/system/libcommonCrypto.dylib
0x00007ff813d8f000 	/usr/lib/system/libcompiler_rt.dylib
0x00007ff813d85000 	/usr/lib/system/libcopyfile.dylib
0x00007ff808dcb000 	/usr/lib/system/libcorecrypto.dylib
0x00007ff808e8a000 	/usr/lib/system/libdispatch.dylib
0x00007ff809049000 	/usr/lib/system/libdyld.dylib
0x00007ff813da1000 	/usr/lib/system/libkeymgr.dylib
0x00007ff813d44000 	/usr/lib/system/libmacho.dylib
0x00007ff8133d4000 	/usr/lib/system/libquarantine.dylib
0x00007ff813d9f000 	/usr/lib/system/libremovefile.dylib
0x00007ff80dfad000 	/usr/lib/system/libsystem_asl.dylib
0x00007ff808d79000 	/usr/lib/system/libsystem_blocks.dylib
0x00007ff808f0e000 	/usr/lib/system/libsystem_c.dylib
0x00007ff813d97000 	/usr/lib/system/libsystem_collections.dylib
0x00007ff81267c000 	/usr/lib/system/libsystem_configuration.dylib
0x00007ff81193d000 	/usr/lib/system/libsystem_containermanager.dylib
0x00007ff813a81000 	/usr/lib/system/libsystem_coreservices.dylib
0x00007ff80b673000 	/usr/lib/system/libsystem_darwin.dylib
0x00007ff813da2000 	/usr/lib/system/libsystem_dnssd.dylib
0x00007ff808f0b000 	/usr/lib/system/libsystem_featureflags.dylib
0x00007ff80905f000 	/usr/lib/system/libsystem_info.dylib
0x00007ff813ce2000 	/usr/lib/system/libsystem_m.dylib
0x00007ff808e5e000 	/usr/lib/system/libsystem_malloc.dylib
0x00007ff80df4a000 	/usr/lib/system/libsystem_networkextension.dylib
0x00007ff80ba9b000 	/usr/lib/system/libsystem_notify.dylib
0x00007ff819f1e000 	/usr/lib/system/libsystem_product_info_filter.dylib
0x00007ff812680000 	/usr/lib/system/libsystem_sandbox.dylib
0x00007ff813d9c000 	/usr/lib/system/libsystem_secinit.dylib
0x00007ff809006000 	/usr/lib/system/libsystem_kernel.dylib
0x00007ff809055000 	/usr/lib/system/libsystem_platform.dylib
0x00007ff80903d000 	/usr/lib/system/libsystem_pthread.dylib
0x00007ff80f802000 	/usr/lib/system/libsystem_symptoms.dylib
0x00007ff808db2000 	/usr/lib/system/libsystem_trace.dylib
0x00007ff813d72000 	/usr/lib/system/libunwind.dylib
0x00007ff808d7b000 	/usr/lib/system/libxpc.dylib
0x00007ff808ff0000 	/usr/lib/libc++abi.dylib
0x00007ff813d7d000 	/usr/lib/liboah.dylib
0x00007ff81450a000 	/usr/lib/liblzma.5.dylib
0x00007ff809c21000 	/System/Library/Frameworks/SystemConfiguration.framework/Versions/A/SystemConfiguration
0x00007ff813db1000 	/usr/lib/libfakelink.dylib
0x00007ff80dab3000 	/System/Library/Frameworks/CFNetwork.framework/Versions/A/CFNetwork
0x00007ff813ef0000 	/usr/lib/libarchive.2.dylib
0x00007ff812687000 	/System/Library/PrivateFrameworks/AppleSystemInfo.framework/Versions/A/AppleSystemInfo
0x00007ff8133fb000 	/usr/lib/libbsm.0.dylib
0x00007ff80d0e9000 	/usr/lib/libnetwork.dylib
0x00007ff813d4a000 	/usr/lib/system/libkxld.dylib
0x00007ff813029000 	/System/Library/PrivateFrameworks/IOMobileFramebuffer.framework/Versions/A/IOMobileFramebuffer
0x00007ffb1eaa3000 	/usr/lib/libCoreEntitlements.dylib
0x00007ff813a63000 	/System/Library/PrivateFrameworks/AppleFSCompression.framework/Versions/A/AppleFSCompression
0x00007ff8133e3000 	/usr/lib/libcoretls.dylib
0x00007ff814524000 	/usr/lib/libcoretls_cfhelpers.dylib
0x00007ff814034000 	/usr/lib/libpam.2.dylib
0x00007ff80f424000 	/usr/lib/libsqlite3.dylib
0x00007ff814593000 	/usr/lib/libxar.1.dylib
0x00007ff813a73000 	/usr/lib/libbz2.1.0.dylib
0x00007ff813db6000 	/usr/lib/libpcap.A.dylib
0x00007ff80f7f9000 	/usr/lib/libdns_services.dylib
0x00007ff814003000 	/usr/lib/libapple_nghttp2.dylib
0x00007ff813ded000 	/usr/lib/libiconv.2.dylib
0x00007ff813d43000 	/usr/lib/libcharset.1.dylib
0x00007ff810720000 	/System/Library/Frameworks/CoreServices.framework/Versions/A/Frameworks/FSEvents.framework/Versions/A/FSEvents
0x00007ff80b67d000 	/System/Library/Frameworks/CoreServices.framework/Versions/A/Frameworks/CarbonCore.framework/Versions/A/CarbonCore
0x00007ff80fa3c000 	/System/Library/Frameworks/CoreServices.framework/Versions/A/Frameworks/Metadata.framework/Versions/A/Metadata
0x00007ff813a86000 	/System/Library/Frameworks/CoreServices.framework/Versions/A/Frameworks/OSServices.framework/Versions/A/OSServices
0x00007ff813f77000 	/System/Library/Frameworks/CoreServices.framework/Versions/A/Frameworks/SearchKit.framework/Versions/A/SearchKit
0x00007ff80f78b000 	/System/Library/Frameworks/CoreServices.framework/Versions/A/Frameworks/AE.framework/Versions/A/AE
0x00007ff80958d000 	/System/Library/Frameworks/CoreServices.framework/Versions/A/Frameworks/LaunchServices.framework/Versions/A/LaunchServices
0x00007ff8144bb000 	/System/Library/Frameworks/CoreServices.framework/Versions/A/Frameworks/DictionaryServices.framework/Versions/A/DictionaryServices
0x00007ff81072d000 	/System/Library/Frameworks/CoreServices.framework/Versions/A/Frameworks/SharedFileList.framework/Versions/A/SharedFileList
0x00007ff8133d7000 	/usr/lib/libCheckFix.dylib
0x00007ff80dfc4000 	/System/Library/PrivateFrameworks/TCC.framework/Versions/A/TCC
0x00007ff81268d000 	/System/Library/PrivateFrameworks/CoreNLP.framework/Versions/A/CoreNLP
0x00007ff80f9ec000 	/System/Library/PrivateFrameworks/MetadataUtilities.framework/Versions/A/MetadataUtilities
0x00007ff809cd1000 	/usr/lib/libmecabra.dylib
0x00007ff81340b000 	/usr/lib/libmecab.dylib
0x00007ff809c9c000 	/usr/lib/libCRFSuite.dylib
0x00007ff813468000 	/usr/lib/libgermantok.dylib
0x00007ff813fde000 	/usr/lib/libThaiTokenizer.dylib
0x00007ff80fade000 	/System/Library/Frameworks/Accelerate.framework/Versions/A/Frameworks/vImage.framework/Versions/A/vImage
0x00007ff81a020000 	/System/Library/Frameworks/Accelerate.framework/Versions/A/Frameworks/vecLib.framework/Versions/A/vecLib
0x00007ff8145d4000 	/System/Library/Frameworks/Accelerate.framework/Versions/A/Frameworks/vecLib.framework/Versions/A/libvMisc.dylib
0x00007ff812e47000 	/System/Library/Frameworks/Accelerate.framework/Versions/A/Frameworks/vecLib.framework/Versions/A/libvDSP.dylib
0x00007ff809905000 	/System/Library/Frameworks/Accelerate.framework/Versions/A/Frameworks/vecLib.framework/Versions/A/libBLAS.dylib
0x00007ff814115000 	/System/Library/Frameworks/Accelerate.framework/Versions/A/Frameworks/vecLib.framework/Versions/A/libLAPACK.dylib
0x00007ff81346b000 	/System/Library/Frameworks/Accelerate.framework/Versions/A/Frameworks/vecLib.framework/Versions/A/libLinearAlgebra.dylib
0x00007ff81401c000 	/System/Library/Frameworks/Accelerate.framework/Versions/A/Frameworks/vecLib.framework/Versions/A/libSparseBLAS.dylib
0x00007ff81410f000 	/System/Library/Frameworks/Accelerate.framework/Versions/A/Frameworks/vecLib.framework/Versions/A/libQuadrature.dylib
0x00007ff812777000 	/System/Library/Frameworks/Accelerate.framework/Versions/A/Frameworks/vecLib.framework/Versions/A/libBNNS.dylib
0x00007ff809bb2000 	/System/Library/Frameworks/Accelerate.framework/Versions/A/Frameworks/vecLib.framework/Versions/A/libSparse.dylib
0x00007ff812770000 	/System/Library/PrivateFrameworks/LinguisticData.framework/Versions/A/LinguisticData
0x00007ff809b67000 	/System/Library/PrivateFrameworks/Lexicon.framework/Versions/A/Lexicon
0x00007ff8145cd000 	/usr/lib/libChineseTokenizer.dylib
0x00007ff80a2cb000 	/System/Library/PrivateFrameworks/LanguageModeling.framework/Versions/A/LanguageModeling
0x00007ff813fe0000 	/System/Library/PrivateFrameworks/AppleSauce.framework/Versions/A/AppleSauce
0x00007ff813017000 	/System/Library/PrivateFrameworks/CoreEmoji.framework/Versions/A/CoreEmoji
0x00007ff813edf000 	/usr/lib/libcmph.dylib
0x00007ff810704000 	/System/Library/Frameworks/OpenDirectory.framework/Versions/A/Frameworks/CFOpenDirectory.framework/Versions/A/CFOpenDirectory
0x00007ff8106f8000 	/System/Library/Frameworks/OpenDirectory.framework/Versions/A/OpenDirectory
0x00007ff814526000 	/System/Library/PrivateFrameworks/APFS.framework/Versions/A/APFS
0x00007ff813338000 	/System/Library/Frameworks/SecurityFoundation.framework/Versions/A/SecurityFoundation
0x00007ff8145a1000 	/usr/lib/libutil.dylib
0x00007ff80b9a8000 	/System/Library/PrivateFrameworks/CoreServicesStore.framework/Versions/A/CoreServicesStore
0x00007ff8145a5000 	/usr/lib/libxslt.1.dylib
0x00007ff8133c5000 	/System/Library/PrivateFrameworks/BackgroundTaskManagement.framework/Versions/A/BackgroundTaskManagement
0x00007ff815a15000 	/System/Library/Frameworks/ImageIO.framework/Versions/A/Resources/libRadiance.dylib
0x00007ff815a1e000 	/System/Library/Frameworks/ImageIO.framework/Versions/A/Resources/libJPEG.dylib
0x00007ff81596e000 	/System/Library/Frameworks/ImageIO.framework/Versions/A/Resources/libPng.dylib
0x00007ff81598f000 	/System/Library/Frameworks/ImageIO.framework/Versions/A/Resources/libTIFF.dylib
0x00007ff815a7e000 	/System/Library/Frameworks/ImageIO.framework/Versions/A/Resources/libGIF.dylib
0x00007ff81529f000 	/System/Library/Frameworks/ImageIO.framework/Versions/A/Resources/libJP2.dylib
0x00007ff8149e1000 	/usr/lib/libexpat.1.dylib
0x00007ff815254000 	/System/Library/PrivateFrameworks/AppleJPEG.framework/Versions/A/AppleJPEG
0x00007ff811bd0000 	/System/Library/PrivateFrameworks/FontServices.framework/libFontParser.dylib
0x00007ff80f735000 	/System/Library/PrivateFrameworks/RunningBoardServices.framework/Versions/A/RunningBoardServices
0x00007ff8201ee000 	/System/Library/PrivateFrameworks/IOSurfaceAccelerator.framework/Versions/A/IOSurfaceAccelerator
0x00007ff815382000 	/System/Library/PrivateFrameworks/WatchdogClient.framework/Versions/A/WatchdogClient
0x00007ff80a3ba000 	/System/Library/Frameworks/CoreDisplay.framework/Versions/A/CoreDisplay
0x00007ff811acf000 	/System/Library/Frameworks/CoreMedia.framework/Versions/A/CoreMedia
0x00007ff81196c000 	/System/Library/PrivateFrameworks/IOAccelerator.framework/Versions/A/IOAccelerator
0x00007ff810880000 	/System/Library/Frameworks/CoreVideo.framework/Versions/A/CoreVideo
0x00007ff814032000 	/System/Library/Frameworks/MetalPerformanceShaders.framework/Versions/A/MetalPerformanceShaders
0x00007ff8153bd000 	/System/Library/Frameworks/VideoToolbox.framework/Versions/A/VideoToolbox
0x00007ff80f67d000 	/System/Library/PrivateFrameworks/BaseBoard.framework/Versions/A/BaseBoard
0x00007ff80f40a000 	/System/Library/PrivateFrameworks/ProtocolBuffer.framework/Versions/A/ProtocolBuffer
0x00007ff815a0e000 	/System/Library/PrivateFrameworks/GPUWrangler.framework/Versions/A/GPUWrangler
0x00007ff8159f1000 	/System/Library/PrivateFrameworks/IOPresentment.framework/Versions/A/IOPresentment
0x00007ff815a18000 	/System/Library/PrivateFrameworks/DSExternalDisplay.framework/Versions/A/DSExternalDisplay
0x00007ffa20ce9000 	/System/Library/Frameworks/OpenGL.framework/Versions/A/Libraries/libCoreFSCache.dylib
0x00007ffb0cd8d000 	/System/Library/PrivateFrameworks/GPUCompiler.framework/Versions/31001/Libraries/libGPUCompilerUtils.dylib
0x00007ff815a83000 	/System/Library/PrivateFrameworks/CMCaptureCore.framework/Versions/A/CMCaptureCore
0x00007ff814f8d000 	/System/Library/PrivateFrameworks/AppServerSupport.framework/Versions/A/AppServerSupport
0x00007ff81716a000 	/System/Library/PrivateFrameworks/perfdata.framework/Versions/A/perfdata
0x00007ff80a4e6000 	/System/Library/PrivateFrameworks/AudioToolboxCore.framework/Versions/A/AudioToolboxCore
0x00007ff811aac000 	/System/Library/PrivateFrameworks/caulk.framework/Versions/A/caulk
0x00007ff816a8e000 	/usr/lib/libAudioStatistics.dylib
0x00007ff90ddbb000 	/System/Library/PrivateFrameworks/SystemPolicy.framework/Versions/A/SystemPolicy
0x00007ff816ce3000 	/usr/lib/libSMC.dylib
0x00007ff81fb27000 	/System/Library/Frameworks/CoreMIDI.framework/Versions/A/CoreMIDI
0x00007ff81593e000 	/usr/lib/libAudioToolboxUtility.dylib
0x00007ff90a1cd000 	/System/Library/PrivateFrameworks/OSAServicesClient.framework/Versions/A/OSAServicesClient
0x00007ff817177000 	/usr/lib/libperfcheck.dylib
0x00007ff90e84d000 	/usr/lib/libmis.dylib
0x00007ffa20d45000 	/System/Library/Frameworks/OpenGL.framework/Versions/A/Libraries/libGLU.dylib
0x00007ffa20d08000 	/System/Library/Frameworks/OpenGL.framework/Versions/A/Libraries/libGFXShared.dylib
0x00007ffa20f16000 	/System/Library/Frameworks/OpenGL.framework/Versions/A/Libraries/libGL.dylib
0x00007ffa20d11000 	/System/Library/Frameworks/OpenGL.framework/Versions/A/Libraries/libGLImage.dylib
0x00007ffa20d05000 	/System/Library/Frameworks/OpenGL.framework/Versions/A/Libraries/libCVMSPluginSupport.dylib
0x00007ffa20cf0000 	/System/Library/Frameworks/OpenGL.framework/Versions/A/Libraries/libCoreVMClient.dylib
0x00007ff81260b000 	/System/Library/Frameworks/MetalPerformanceShaders.framework/Versions/A/Frameworks/MPSCore.framework/Versions/A/MPSCore
0x00007ff8139ce000 	/System/Library/Frameworks/MetalPerformanceShaders.framework/Versions/A/Frameworks/MPSImage.framework/Versions/A/MPSImage
0x00007ff813481000 	/System/Library/Frameworks/MetalPerformanceShaders.framework/Versions/A/Frameworks/MPSNeuralNetwork.framework/Versions/A/MPSNeuralNetwork
0x00007ff8138f6000 	/System/Library/Frameworks/MetalPerformanceShaders.framework/Versions/A/Frameworks/MPSMatrix.framework/Versions/A/MPSMatrix
0x00007ff8136b2000 	/System/Library/Frameworks/MetalPerformanceShaders.framework/Versions/A/Frameworks/MPSRayIntersector.framework/Versions/A/MPSRayIntersector
0x00007ff81392f000 	/System/Library/Frameworks/MetalPerformanceShaders.framework/Versions/A/Frameworks/MPSNDArray.framework/Versions/A/MPSNDArray
0x00007ffa25907000 	/System/Library/Frameworks/MetalPerformanceShaders.framework/Versions/A/Frameworks/MPSFunctions.framework/Versions/A/MPSFunctions
0x00007ff8097e8000 	/System/Library/PrivateFrameworks/MetalTools.framework/Versions/A/MetalTools
0x00007ff812685000 	/System/Library/PrivateFrameworks/AggregateDictionary.framework/Versions/A/AggregateDictionary
0x00007ff8147c3000 	/usr/lib/libIOReport.dylib
0x00007ffa22325000 	/System/Library/Frameworks/OpenCL.framework/Versions/A/OpenCL
0x00007ff814b27000 	/System/Library/PrivateFrameworks/FaceCore.framework/Versions/A/FaceCore
0x00007ff814b18000 	/System/Library/PrivateFrameworks/GraphVisualizer.framework/Versions/A/GraphVisualizer
0x00007ffb0cc98000 	/System/Library/PrivateFrameworks/FontServices.framework/Versions/A/FontServices
0x00007ff814f44000 	/System/Library/PrivateFrameworks/OTSVG.framework/Versions/A/OTSVG
0x00007ff810468000 	/System/Library/Frameworks/ApplicationServices.framework/Versions/A/Frameworks/ATS.framework/Versions/A/Resources/libFontRegistry.dylib
0x00007ff814f95000 	/System/Library/PrivateFrameworks/FontServices.framework/libhvf.dylib
0x00007ffb0cc99000 	/System/Library/PrivateFrameworks/FontServices.framework/libXTFontStaticRegistryData.dylib
0x00007ff814991000 	/System/Library/PrivateFrameworks/AppleVA.framework/Versions/A/AppleVA
0x00007ff816ab2000 	/System/Library/Frameworks/ApplicationServices.framework/Versions/A/Frameworks/ATS.framework/Versions/A/ATS
0x00007ff80eb38000 	/System/Library/Frameworks/ApplicationServices.framework/Versions/A/Frameworks/HIServices.framework/Versions/A/HIServices
0x00007ff815a8d000 	/System/Library/Frameworks/ApplicationServices.framework/Versions/A/Frameworks/PrintCore.framework/Versions/A/PrintCore
0x00007ff816e36000 	/System/Library/Frameworks/ApplicationServices.framework/Versions/A/Frameworks/QD.framework/Versions/A/QD
0x00007ff816e2e000 	/System/Library/Frameworks/ApplicationServices.framework/Versions/A/Frameworks/ColorSyncLegacy.framework/Versions/A/ColorSyncLegacy
0x00007ff816aa2000 	/System/Library/Frameworks/ApplicationServices.framework/Versions/A/Frameworks/SpeechSynthesis.framework/Versions/A/SpeechSynthesis
0x00007ff815a4e000 	/System/Library/Frameworks/ApplicationServices.framework/Versions/A/Frameworks/ATSUI.framework/Versions/A/ATSUI
0x00007ff816dc3000 	/usr/lib/libcups.2.dylib
0x00007ff817186000 	/System/Library/Frameworks/Kerberos.framework/Versions/A/Kerberos
0x00007ff817195000 	/System/Library/Frameworks/GSS.framework/Versions/A/GSS
0x00007ff816b1e000 	/usr/lib/libresolv.9.dylib
0x00007ff814fa4000 	/System/Library/PrivateFrameworks/Heimdal.framework/Versions/A/Heimdal
0x00007ff81dc7e000 	/System/Library/Frameworks/Kerberos.framework/Versions/A/Libraries/libHeimdalProxy.dylib
0x00007ff80f80a000 	/System/Library/Frameworks/Network.framework/Versions/A/Network
0x00007ff8149fb000 	/usr/lib/libheimdal-asn1.dylib
0x00007ff8171e1000 	/System/Library/PrivateFrameworks/CommonAuth.framework/Versions/A/CommonAuth
0x00007ff816a1f000 	/System/Library/PrivateFrameworks/AudioSession.framework/Versions/A/AudioSession
0x00007ff814a8b000 	/System/Library/PrivateFrameworks/MediaExperience.framework/Versions/A/MediaExperience
0x00007ff8168b3000 	/System/Library/PrivateFrameworks/AudioSession.framework/libSessionUtility.dylib
0x00007ff816e42000 	/System/Library/PrivateFrameworks/AudioResourceArbitration.framework/Versions/A/AudioResourceArbitration
0x00007ff81ae33000 	/System/Library/PrivateFrameworks/PowerLog.framework/Versions/A/PowerLog
0x00007ff814a04000 	/System/Library/PrivateFrameworks/IconFoundation.framework/Versions/A/IconFoundation
0x00007ff819c4d000 	/System/Library/PrivateFrameworks/SpeechRecognitionCore.framework/Versions/A/SpeechRecognitionCore
0x0000000105ab7000 	/Library/Java/JavaVirtualMachines/adoptopenjdk-8.jdk/Contents/Home/jre/lib/server/libjvm.dylib
0x0000000104cd7000 	/Library/Java/JavaVirtualMachines/adoptopenjdk-8.jdk/Contents/Home/jre/lib/libverify.dylib
0x0000000104d2d000 	/Library/Java/JavaVirtualMachines/adoptopenjdk-8.jdk/Contents/Home/jre/lib/libjava.dylib
0x0000000104d81000 	/Library/Java/JavaVirtualMachines/adoptopenjdk-8.jdk/Contents/Home/jre/lib/libzip.dylib
0x00000001059e7000 	/Library/Java/JavaVirtualMachines/adoptopenjdk-8.jdk/Contents/Home/jre/lib/libnio.dylib
0x0000000105a21000 	/Library/Java/JavaVirtualMachines/adoptopenjdk-8.jdk/Contents/Home/jre/lib/libnet.dylib
0x0000000105a00000 	/Library/Java/JavaVirtualMachines/adoptopenjdk-8.jdk/Contents/Home/jre/lib/libmanagement.dylib
0x0000000105a42000 	/Users/meylismatiyev/Documents/sparser-java/sparser-jni/libs/libsparser.dylib

VM Arguments:
jvm_args: -Xmx6g -XX:CompileCommandFile=/var/folders/09/1f0ly48171zgl7s7n2m38blm0000gp/T/jmh8337908648065222227compilecommand 
java_command: org.openjdk.jmh.runner.ForkedMain 127.0.0.1 52547
java_class_path (initial): target/benchmarks.jar
Launcher Type: SUN_STANDARD

Environment Variables:
JAVA_HOME=/Library/Java/JavaVirtualMachines/adoptopenjdk-8.jdk/Contents/Home/
PATH=/usr/local/bin:/usr/bin:/bin:/usr/sbin:/sbin:/Library/Apple/usr/bin:/Library/Java/JavaVirtualMachines/adoptopenjdk-8.jdk/Contents/Home//bin:/usr/local/apache-maven-3.8.2/bin:/usr/local/hadoop-3.3.1/bin:/usr/local/hadoop-3.3.1/sbin:/Applications/IntelliJ IDEA.app/Contents/MacOS/:/usr/local/hive-4.0.0/bin:/Users/meylismatiyev/Library/Python/3.8/bin
SHELL=/bin/zsh

Signal Handlers:
SIGSEGV: [libjvm.dylib+0x597a73], sa_mask[0]=11111111011111110111111111111111, sa_flags=SA_ONSTACK|SA_RESTART|SA_SIGINFO
SIGBUS: [libjvm.dylib+0x597a73], sa_mask[0]=11111111011111110111111111111111, sa_flags=SA_RESTART|SA_SIGINFO
SIGFPE: [libjvm.dylib+0x48bbdb], sa_mask[0]=11111111011111110111111111111111, sa_flags=SA_RESTART|SA_SIGINFO
SIGPIPE: [libjvm.dylib+0x48bbdb], sa_mask[0]=11111111011111110111111111111111, sa_flags=SA_RESTART|SA_SIGINFO
SIGXFSZ: [libjvm.dylib+0x48bbdb], sa_mask[0]=11111111011111110111111111111111, sa_flags=SA_RESTART|SA_SIGINFO
SIGILL: [libjvm.dylib+0x48bbdb], sa_mask[0]=11111111011111110111111111111111, sa_flags=SA_RESTART|SA_SIGINFO
SIGUSR1: SIG_DFL, sa_mask[0]=00000000000000000000000000000000, sa_flags=SA_RESTART
SIGUSR2: [libjvm.dylib+0x48c4d2], sa_mask[0]=00100000000000000000000000000000, sa_flags=SA_RESTART|SA_SIGINFO
SIGHUP: [libjvm.dylib+0x48a6d1], sa_mask[0]=11111111011111110111111111111111, sa_flags=SA_RESTART|SA_SIGINFO
SIGINT: [libjvm.dylib+0x48a6d1], sa_mask[0]=11111111011111110111111111111111, sa_flags=SA_RESTART|SA_SIGINFO
SIGTERM: [libjvm.dylib+0x48a6d1], sa_mask[0]=11111111011111110111111111111111, sa_flags=SA_RESTART|SA_SIGINFO
SIGQUIT: [libjvm.dylib+0x48a6d1], sa_mask[0]=11111111011111110111111111111111, sa_flags=SA_RESTART|SA_SIGINFO


---------------  S Y S T E M  ---------------

OS:Bsduname:Darwin 21.2.0 Darwin Kernel Version 21.2.0: Sun Nov 28 20:28:54 PST 2021; root:xnu-8019.61.5~1/RELEASE_X86_64 x86_64
rlimit: STACK 8192k, CORE 0k, NPROC 2784, NOFILE 10240, AS infinity
load average:3.24 2.67 2.52

CPU:total 8 (initial active 8) (4 cores per cpu, 2 threads per core) family 6 model 142 stepping 10, cmov, cx8, fxsr, mmx, sse, sse2, sse3, ssse3, sse4.1, sse4.2, popcnt, avx, avx2, aes, clmul, erms, 3dnowpref, lzcnt, ht, tsc, tscinvbit, bmi1, bmi2, adx

Memory: 4k page, physical 16777216k(1315056k free)

/proc/meminfo:


vm_info: OpenJDK 64-Bit Server VM (25.292-b10) for bsd-amd64 JRE (1.8.0_292-b10), built on Apr 20 2021 21:55:04 by "jenkins" with gcc 4.2.1 Compatible Apple LLVM 10.0.1 (clang-1001.0.46.4)

time: Wed May 25 14:06:14 2022
timezone: CEST
elapsed time: 2.471534 seconds (0d 0h 0m 2s)

